<?xml version="1.0" encoding="UTF-8"?>
<!-- Generated by org.testng.reporters.JUnitReportReporter -->
<testsuite hostname="Sanju" failures="0" tests="2" name="TestNG.ex4_TestNgAnnotations" time="0.008" errors="0" timestamp="2024-11-09T07:29:24 IST" skipped="0">
  <testcase classname="TestNG.ex4_TestNgAnnotations" name="verifyLogo2" time="0.002"/>
  <system-out>
    <![CDATA[---running verify Logo2 TC--]]>
  </system-out>
  <testcase classname="TestNG.ex4_TestNgAnnotations" name="verifyLogo1" time="0.006"/>
  <system-out>
    <![CDATA[---running verify Logo1 TC--]]>
  </system-out>
</testsuite> <!-- TestNG.ex4_TestNgAnnotations -->
