<?xml version="1.0" encoding="UTF-8"?>
<!-- Generated by org.testng.reporters.JUnitReportReporter -->
<testsuite hostname="Sanju" failures="0" tests="3" name="TestNG.ex5_TestNGKeywords2_enable" time="0.013" errors="0" timestamp="2024-11-09T07:44:44 IST" skipped="1">
  <testcase classname="TestNG.ex5_TestNGKeywords2_enable" name="TC1" time="0.012"/>
  <system-out>
    <![CDATA[---running TC1--]]>
  </system-out>
  <testcase classname="TestNG.ex5_TestNGKeywords2_enable" name="TC3" time="0.001"/>
  <system-out>
    <![CDATA[---running TC3--]]>
  </system-out>
  <testcase classname="TestNG.ex5_TestNGKeywords2_enable" name="TC2">
    <skipped/>
  </testcase> <!-- TC2 -->
  <system-out/>
</testsuite> <!-- TestNG.ex5_TestNGKeywords2_enable -->
