<?xml version="1.0" encoding="UTF-8"?>
<!-- Generated by org.testng.reporters.JUnitReportReporter -->
<testsuite hostname="Sanju" failures="0" tests="4" name="TestNG.ex10_grouping1" time="0.003" errors="0" timestamp="2024-11-13T07:43:46 IST" skipped="0">
  <testcase classname="TestNG.ex10_grouping1" name="TC4" time="0.000"/>
  <system-out>
    <![CDATA[---running TC4--]]>
  </system-out>
  <testcase classname="TestNG.ex10_grouping1" name="TC2" time="0.001"/>
  <system-out>
    <![CDATA[---running TC2--]]>
  </system-out>
  <testcase classname="TestNG.ex10_grouping1" name="TC1" time="0.001"/>
  <system-out>
    <![CDATA[---running TC1--]]>
  </system-out>
  <testcase classname="TestNG.ex10_grouping1" name="TC3" time="0.001"/>
  <system-out>
    <![CDATA[---running TC3--]]>
  </system-out>
</testsuite> <!-- TestNG.ex10_grouping1 -->
