<?xml version="1.0" encoding="UTF-8"?>
<!-- Generated by org.testng.reporters.JUnitReportReporter -->
<testsuite hostname="Sanju" failures="0" tests="1" name="TestNG.ex11_Parallel1" time="10.133" errors="0" timestamp="2024-11-13T07:57:49 IST" skipped="0">
  <testcase classname="TestNG.ex11_Parallel1" name="openFacebookApp" time="10.133"/>
  <system-out/>
</testsuite> <!-- TestNG.ex11_Parallel1 -->
