<?xml version="1.0" encoding="UTF-8"?>
<!-- Generated by org.testng.reporters.JUnitReportReporter -->
<testsuite hostname="Sanju" failures="0" tests="1" name="TestNG.ex11_Parallel2" time="11.153" errors="0" timestamp="2024-11-13T07:57:49 IST" skipped="0">
  <testcase classname="TestNG.ex11_Parallel2" name="openFlilpkartApp" time="11.153"/>
  <system-out/>
</testsuite> <!-- TestNG.ex11_Parallel2 -->
