<?xml version="1.0" encoding="UTF-8"?>
<!-- Generated by org.testng.reporters.JUnitReportReporter -->
<testsuite hostname="Sanju" failures="0" tests="1" name="TestNG.ex11_Parallel3" time="8.308" errors="0" timestamp="2024-11-13T07:57:49 IST" skipped="0">
  <testcase classname="TestNG.ex11_Parallel3" name="openGoogleApp" time="8.308"/>
  <system-out/>
</testsuite> <!-- TestNG.ex11_Parallel3 -->
