<?xml version="1.0" encoding="UTF-8"?>
<!-- Generated by org.testng.reporters.JUnitReportReporter -->
<testsuite hostname="Sanju" failures="0" tests="3" name="TestNG.ex3_EmailableReport" time="0.016" errors="0" timestamp="2024-11-08T07:54:40 IST" skipped="0">
  <testcase classname="TestNG.ex3_EmailableReport" name="TC1" time="0.013"/>
  <system-out>
    <![CDATA[--running TC1---]]>
  </system-out>
  <testcase classname="TestNG.ex3_EmailableReport" name="TC3" time="0.001"/>
  <system-out>
    <![CDATA[--running TC3---]]>
  </system-out>
  <testcase classname="TestNG.ex3_EmailableReport" name="TC2" time="0.002"/>
  <system-out>
    <![CDATA[--running TC2---]]>
  </system-out>
</testsuite> <!-- TestNG.ex3_EmailableReport -->
