<?xml version="1.0" encoding="UTF-8"?>
<!-- Generated by org.testng.reporters.JUnitReportReporter -->
<testsuite hostname="Sanju" failures="0" tests="2" name="TestNG.ex5_TestNGKeywords" time="0.009" errors="0" timestamp="2024-11-09T07:39:42 IST" skipped="0">
  <testcase classname="TestNG.ex5_TestNGKeywords" name="verifyLogo1" time="0.008"/>
  <system-out>
    <![CDATA[---running verify Logo1 TC--]]>
  </system-out>
  <testcase classname="TestNG.ex5_TestNGKeywords" name="verifyLogo1" time="0.001"/>
  <system-out>
    <![CDATA[---running verify Logo1 TC--]]>
  </system-out>
</testsuite> <!-- TestNG.ex5_TestNGKeywords -->
