<?xml version="1.0" encoding="UTF-8"?>
<!-- Generated by org.testng.reporters.JUnitReportReporter -->
<testsuite hostname="Sanju" failures="0" tests="2" name="TestNG.ex8_Sample2" time="0.002" errors="0" timestamp="2024-11-12T07:48:57 IST" skipped="0">
  <testcase classname="TestNG.ex8_Sample2" name="TC6" time="0.001"/>
  <system-out>
    <![CDATA[---running TC6--]]>
  </system-out>
  <testcase classname="TestNG.ex8_Sample2" name="TC5" time="0.001"/>
  <system-out>
    <![CDATA[---running TC5--]]>
  </system-out>
</testsuite> <!-- TestNG.ex8_Sample2 -->
