<?xml version="1.0" encoding="UTF-8"?>
<!-- Generated by org.testng.reporters.JUnitReportReporter -->
<testsuite hostname="Sanju" failures="0" tests="2" name="TestNG.ex8_Sample1" time="0.009" errors="0" timestamp="2024-11-12T07:48:57 IST" skipped="0">
  <testcase classname="TestNG.ex8_Sample1" name="TC3" time="0.001"/>
  <system-out>
    <![CDATA[---running TC3--]]>
  </system-out>
  <testcase classname="TestNG.ex8_Sample1" name="TC1" time="0.008"/>
  <system-out>
    <![CDATA[---running TC1--]]>
  </system-out>
</testsuite> <!-- TestNG.ex8_Sample1 -->
