<?xml version="1.0" encoding="UTF-8"?>
<!-- Generated by org.testng.reporters.JUnitReportReporter -->
<testsuite hostname="Sanju" failures="0" tests="1" name="POM_DDF_TestNG_BaseClass_UtilityClass.SwagLabLoginTest" time="7.100" errors="0" timestamp="2024-11-18T07:42:12 IST" skipped="0">
  <testcase classname="POM_DDF_TestNG_BaseClass_UtilityClass.SwagLabLoginTest" name="verifyLogo" time="7.100"/>
  <system-out/>
</testsuite> <!-- POM_DDF_TestNG_BaseClass_UtilityClass.SwagLabLoginTest -->
