<?xml version="1.0" encoding="UTF-8"?>
<!-- Generated by org.testng.reporters.JUnitReportReporter -->
<testsuite hostname="Sanju" failures="0" tests="4" name="TestNG.ex5_TestNGKeywords3_priority2" time="0.011" errors="0" timestamp="2024-11-09T07:53:27 IST" skipped="0">
  <testcase classname="TestNG.ex5_TestNGKeywords3_priority2" name="TC2" time="0.008"/>
  <system-out>
    <![CDATA[---running TC2--]]>
  </system-out>
  <testcase classname="TestNG.ex5_TestNGKeywords3_priority2" name="TC4" time="0.001"/>
  <system-out>
    <![CDATA[---running TC4--]]>
  </system-out>
  <testcase classname="TestNG.ex5_TestNGKeywords3_priority2" name="TC3" time="0.001"/>
  <system-out>
    <![CDATA[---running TC3--]]>
  </system-out>
  <testcase classname="TestNG.ex5_TestNGKeywords3_priority2" name="TC1" time="0.001"/>
  <system-out>
    <![CDATA[---running TC1--]]>
  </system-out>
</testsuite> <!-- TestNG.ex5_TestNGKeywords3_priority2 -->
