<?xml version="1.0" encoding="UTF-8"?>
<!-- Generated by org.testng.reporters.JUnitReportReporter -->
<testsuite hostname="Sanju" failures="0" tests="1" name="TestNG.ex9_Sample1" time="0.000" errors="0" timestamp="2024-11-13T07:26:51 IST" skipped="0">
  <testcase classname="TestNG.ex9_Sample1" name="TC3" time="0.000"/>
  <system-out>
    <![CDATA[---running TC3--]]>
  </system-out>
</testsuite> <!-- TestNG.ex9_Sample1 -->
