<?xml version="1.0" encoding="UTF-8"?>
<!-- Generated by org.testng.reporters.JUnitReportReporter -->
<testsuite hostname="Sanju" failures="0" tests="1" name="TestNG.ex2_TestNGTestClass" time="5.350" errors="0" timestamp="2024-11-08T07:26:57 IST" skipped="0">
  <testcase classname="TestNG.ex2_TestNGTestClass" name="TC1" time="5.350"/>
  <system-out/>
</testsuite> <!-- TestNG.ex2_TestNGTestClass -->
