<?xml version="1.0" encoding="UTF-8"?>
<!-- Generated by org.testng.reporters.JUnitReportReporter -->
<testsuite hostname="Sanju" failures="0" tests="3" name="TestNG.ex6_Sample1" time="0.013" errors="0" timestamp="2024-11-11T07:42:10 IST" skipped="0">
  <testcase classname="TestNG.ex6_Sample1" name="TC3" time="0.001"/>
  <system-out>
    <![CDATA[---running TC3--]]>
  </system-out>
  <testcase classname="TestNG.ex6_Sample1" name="TC1" time="0.011"/>
  <system-out>
    <![CDATA[---running TC1--]]>
  </system-out>
  <testcase classname="TestNG.ex6_Sample1" name="TC2" time="0.001"/>
  <system-out>
    <![CDATA[---running TC2--]]>
  </system-out>
</testsuite> <!-- TestNG.ex6_Sample1 -->
