<?xml version="1.0" encoding="UTF-8"?>
<!-- Generated by org.testng.reporters.JUnitReportReporter -->
<testsuite hostname="Sanju" failures="0" tests="3" name="TestNG.ex12_MultibrowserTesting" time="28.447" errors="0" timestamp="2024-11-14T07:34:35 IST" skipped="0">
  <testcase classname="TestNG.ex12_MultibrowserTesting" name="verifyLoginTC" time="8.637"/>
  <system-out/>
  <testcase classname="TestNG.ex12_MultibrowserTesting" name="verifyLoginTC" time="12.258"/>
  <system-out/>
  <testcase classname="TestNG.ex12_MultibrowserTesting" name="verifyLoginTC" time="7.552"/>
  <system-out/>
</testsuite> <!-- TestNG.ex12_MultibrowserTesting -->
