<?xml version="1.0" encoding="UTF-8"?>
<!-- Generated by org.testng.reporters.JUnitReportReporter -->
<testsuite hostname="Sanju" failures="0" tests="3" name="TestNG.ex5_TestNGKeywords3_priority1" time="0.010" errors="0" timestamp="2024-11-09T07:47:50 IST" skipped="0">
  <testcase classname="TestNG.ex5_TestNGKeywords3_priority1" name="TC3" time="0.008"/>
  <system-out>
    <![CDATA[---running TC3--]]>
  </system-out>
  <testcase classname="TestNG.ex5_TestNGKeywords3_priority1" name="TC1" time="0.001"/>
  <system-out>
    <![CDATA[---running TC1--]]>
  </system-out>
  <testcase classname="TestNG.ex5_TestNGKeywords3_priority1" name="TC2" time="0.001"/>
  <system-out>
    <![CDATA[---running TC2--]]>
  </system-out>
</testsuite> <!-- TestNG.ex5_TestNGKeywords3_priority1 -->
